{"C:\\Users\\barbo\\Desktop\\React\\SistemaTurnos_Server\\src\\router.ts": {"path":"C:\\Users\\barbo\\Desktop\\React\\SistemaTurnos_Server\\src\\router.ts","statementMap":{"0":{"start":{"line":1,"column":0},"end":{"line":1,"column":33}},"1":{"start":{"line":2,"column":0},"end":{"line":2,"column":48}},"2":{"start":{"line":3,"column":0},"end":{"line":3,"column":159}},"3":{"start":{"line":4,"column":0},"end":{"line":4,"column":63}},"4":{"start":{"line":5,"column":0},"end":{"line":5,"column":49}},"5":{"start":{"line":7,"column":15},"end":{"line":7,"column":23}},"6":{"start":{"line":9,"column":0},"end":{"line":9,"column":null}},"7":{"start":{"line":11,"column":0},"end":{"line":15,"column":null}},"8":{"start":{"line":17,"column":0},"end":{"line":45,"column":null}},"9":{"start":{"line":32,"column":36},"end":{"line":32,"column":80}},"10":{"start":{"line":47,"column":0},"end":{"line":90,"column":null}},"11":{"start":{"line":51,"column":30},"end":{"line":51,"column":104}},"12":{"start":{"line":52,"column":25},"end":{"line":52,"column":52}},"13":{"start":{"line":53,"column":30},"end":{"line":53,"column":77}},"14":{"start":{"line":53,"column":51},"end":{"line":53,"column":76}},"15":{"start":{"line":54,"column":8},"end":{"line":56,"column":9}},"16":{"start":{"line":55,"column":12},"end":{"line":55,"column":null}},"17":{"start":{"line":57,"column":8},"end":{"line":57,"column":null}},"18":{"start":{"line":75,"column":12},"end":{"line":75,"column":null}},"19":{"start":{"line":75,"column":35},"end":{"line":75,"column":null}},"20":{"start":{"line":76,"column":12},"end":{"line":76,"column":null}},"21":{"start":{"line":92,"column":0},"end":{"line":104,"column":null}},"22":{"start":{"line":106,"column":0},"end":{"line":110,"column":null}},"23":{"start":{"line":112,"column":0},"end":{"line":112,"column":22}}},"fnMap":{"0":{"name":"(anonymous_0)","decl":{"start":{"line":32,"column":16},"end":{"line":32,"column":17}},"loc":{"start":{"line":32,"column":36},"end":{"line":32,"column":80}}},"1":{"name":"(anonymous_1)","decl":{"start":{"line":50,"column":18},"end":{"line":50,"column":19}},"loc":{"start":{"line":50,"column":37},"end":{"line":58,"column":5}}},"2":{"name":"(anonymous_2)","decl":{"start":{"line":53,"column":44},"end":{"line":53,"column":45}},"loc":{"start":{"line":53,"column":51},"end":{"line":53,"column":76}}},"3":{"name":"(anonymous_3)","decl":{"start":{"line":74,"column":16},"end":{"line":74,"column":17}},"loc":{"start":{"line":74,"column":35},"end":{"line":77,"column":9}}}},"branchMap":{"0":{"loc":{"start":{"line":52,"column":37},"end":{"line":52,"column":51}},"type":"binary-expr","locations":[{"start":{"line":52,"column":37},"end":{"line":52,"column":45}},{"start":{"line":52,"column":49},"end":{"line":52,"column":51}}]},"1":{"loc":{"start":{"line":54,"column":8},"end":{"line":56,"column":9}},"type":"if","locations":[{"start":{"line":54,"column":8},"end":{"line":56,"column":9}},{"start":{},"end":{}}]},"2":{"loc":{"start":{"line":75,"column":12},"end":{"line":75,"column":null}},"type":"if","locations":[{"start":{"line":75,"column":12},"end":{"line":75,"column":null}},{"start":{},"end":{}}]}},"s":{"0":3,"1":3,"2":3,"3":3,"4":3,"5":3,"6":3,"7":3,"8":3,"9":4,"10":3,"11":6,"12":6,"13":6,"14":5,"15":6,"16":1,"17":5,"18":2,"19":1,"20":1,"21":3,"22":3,"23":3},"f":{"0":4,"1":6,"2":5,"3":2},"b":{"0":[6,0],"1":[1,5],"2":[1,1]}}
,"C:\\Users\\barbo\\Desktop\\React\\SistemaTurnos_Server\\src\\server.ts": {"path":"C:\\Users\\barbo\\Desktop\\React\\SistemaTurnos_Server\\src\\server.ts","statementMap":{"0":{"start":{"line":6,"column":0},"end":{"line":6,"column":7}},"1":{"start":{"line":1,"column":0},"end":{"line":1,"column":32}},"2":{"start":{"line":2,"column":0},"end":{"line":2,"column":30}},"3":{"start":{"line":3,"column":0},"end":{"line":3,"column":29}},"4":{"start":{"line":7,"column":4},"end":{"line":14,"column":5}},"5":{"start":{"line":8,"column":8},"end":{"line":8,"column":null}},"6":{"start":{"line":9,"column":8},"end":{"line":9,"column":null}},"7":{"start":{"line":10,"column":8},"end":{"line":10,"column":63}},"8":{"start":{"line":12,"column":8},"end":{"line":12,"column":null}},"9":{"start":{"line":13,"column":8},"end":{"line":13,"column":60}},"10":{"start":{"line":17,"column":15},"end":{"line":17,"column":24}},"11":{"start":{"line":19,"column":0},"end":{"line":19,"column":null}},"12":{"start":{"line":21,"column":0},"end":{"line":23,"column":null}},"13":{"start":{"line":22,"column":4},"end":{"line":22,"column":null}},"14":{"start":{"line":25,"column":0},"end":{"line":25,"column":null}},"15":{"start":{"line":27,"column":0},"end":{"line":29,"column":1}},"16":{"start":{"line":28,"column":4},"end":{"line":28,"column":null}},"17":{"start":{"line":31,"column":0},"end":{"line":31,"column":22}}},"fnMap":{"0":{"name":"conectDB","decl":{"start":{"line":6,"column":22},"end":{"line":6,"column":30}},"loc":{"start":{"line":6,"column":30},"end":{"line":15,"column":1}}},"1":{"name":"(anonymous_2)","decl":{"start":{"line":21,"column":19},"end":{"line":21,"column":20}},"loc":{"start":{"line":21,"column":32},"end":{"line":23,"column":1}}}},"branchMap":{"0":{"loc":{"start":{"line":27,"column":0},"end":{"line":29,"column":1}},"type":"if","locations":[{"start":{"line":27,"column":0},"end":{"line":29,"column":1}},{"start":{},"end":{}}]}},"s":{"0":3,"1":3,"2":3,"3":3,"4":3,"5":3,"6":2,"7":2,"8":1,"9":1,"10":3,"11":3,"12":3,"13":1,"14":3,"15":3,"16":1,"17":3},"f":{"0":3,"1":1},"b":{"0":[1,2]}}
,"C:\\Users\\barbo\\Desktop\\React\\SistemaTurnos_Server\\src\\config\\db.ts": {"path":"C:\\Users\\barbo\\Desktop\\React\\SistemaTurnos_Server\\src\\config\\db.ts","statementMap":{"0":{"start":{"line":1,"column":0},"end":{"line":1,"column":48}},"1":{"start":{"line":2,"column":0},"end":{"line":2,"column":27}},"2":{"start":{"line":3,"column":0},"end":{"line":3,"column":57}},"3":{"start":{"line":4,"column":0},"end":{"line":4,"column":null}},"4":{"start":{"line":6,"column":21},"end":{"line":6,"column":55}},"5":{"start":{"line":8,"column":12},"end":{"line":18,"column":2}},"6":{"start":{"line":20,"column":0},"end":{"line":20,"column":18}}},"fnMap":{},"branchMap":{},"s":{"0":2,"1":2,"2":2,"3":2,"4":2,"5":2,"6":2},"f":{},"b":{}}
,"C:\\Users\\barbo\\Desktop\\React\\SistemaTurnos_Server\\src\\handlers\\appointment.ts": {"path":"C:\\Users\\barbo\\Desktop\\React\\SistemaTurnos_Server\\src\\handlers\\appointment.ts","statementMap":{"0":{"start":{"line":2,"column":0},"end":{"line":2,"column":57}},"1":{"start":{"line":4,"column":33},"end":{"line":12,"column":1}},"2":{"start":{"line":5,"column":4},"end":{"line":11,"column":5}},"3":{"start":{"line":6,"column":28},"end":{"line":6,"column":62}},"4":{"start":{"line":7,"column":8},"end":{"line":7,"column":null}},"5":{"start":{"line":9,"column":8},"end":{"line":9,"column":null}},"6":{"start":{"line":10,"column":8},"end":{"line":10,"column":null}},"7":{"start":{"line":4,"column":13},"end":{"line":4,"column":33}},"8":{"start":{"line":14,"column":31},"end":{"line":22,"column":1}},"9":{"start":{"line":15,"column":4},"end":{"line":21,"column":5}},"10":{"start":{"line":16,"column":29},"end":{"line":16,"column":56}},"11":{"start":{"line":17,"column":8},"end":{"line":17,"column":null}},"12":{"start":{"line":19,"column":8},"end":{"line":19,"column":null}},"13":{"start":{"line":20,"column":8},"end":{"line":20,"column":null}},"14":{"start":{"line":14,"column":13},"end":{"line":14,"column":31}},"15":{"start":{"line":24,"column":34},"end":{"line":43,"column":1}},"16":{"start":{"line":25,"column":4},"end":{"line":42,"column":5}},"17":{"start":{"line":26,"column":21},"end":{"line":26,"column":31}},"18":{"start":{"line":27,"column":25},"end":{"line":27,"column":63}},"19":{"start":{"line":29,"column":8},"end":{"line":31,"column":9}},"20":{"start":{"line":30,"column":12},"end":{"line":30,"column":null}},"21":{"start":{"line":33,"column":28},"end":{"line":33,"column":64}},"22":{"start":{"line":34,"column":8},"end":{"line":36,"column":9}},"23":{"start":{"line":35,"column":12},"end":{"line":35,"column":null}},"24":{"start":{"line":37,"column":8},"end":{"line":37,"column":null}},"25":{"start":{"line":40,"column":8},"end":{"line":40,"column":null}},"26":{"start":{"line":41,"column":8},"end":{"line":41,"column":null}},"27":{"start":{"line":24,"column":13},"end":{"line":24,"column":34}},"28":{"start":{"line":45,"column":33},"end":{"line":61,"column":1}},"29":{"start":{"line":46,"column":17},"end":{"line":46,"column":27}},"30":{"start":{"line":47,"column":21},"end":{"line":47,"column":59}},"31":{"start":{"line":49,"column":8},"end":{"line":51,"column":9}},"32":{"start":{"line":50,"column":12},"end":{"line":50,"column":null}},"33":{"start":{"line":52,"column":24},"end":{"line":52,"column":82}},"34":{"start":{"line":53,"column":4},"end":{"line":55,"column":5}},"35":{"start":{"line":54,"column":8},"end":{"line":54,"column":null}},"36":{"start":{"line":57,"column":4},"end":{"line":57,"column":null}},"37":{"start":{"line":58,"column":4},"end":{"line":58,"column":null}},"38":{"start":{"line":60,"column":4},"end":{"line":60,"column":null}},"39":{"start":{"line":45,"column":13},"end":{"line":45,"column":33}},"40":{"start":{"line":63,"column":39},"end":{"line":96,"column":1}},"41":{"start":{"line":64,"column":4},"end":{"line":95,"column":5}},"42":{"start":{"line":65,"column":19},"end":{"line":65,"column":40}},"43":{"start":{"line":66,"column":27},"end":{"line":66,"column":35}},"44":{"start":{"line":68,"column":24},"end":{"line":68,"column":64}},"45":{"start":{"line":69,"column":8},"end":{"line":71,"column":9}},"46":{"start":{"line":70,"column":12},"end":{"line":70,"column":null}},"47":{"start":{"line":73,"column":28},"end":{"line":73,"column":58}},"48":{"start":{"line":74,"column":8},"end":{"line":76,"column":9}},"49":{"start":{"line":75,"column":12},"end":{"line":75,"column":null}},"50":{"start":{"line":78,"column":24},"end":{"line":78,"column":42}},"51":{"start":{"line":80,"column":12},"end":{"line":82,"column":63}},"52":{"start":{"line":84,"column":8},"end":{"line":86,"column":9}},"53":{"start":{"line":85,"column":12},"end":{"line":85,"column":null}},"54":{"start":{"line":88,"column":8},"end":{"line":88,"column":null}},"55":{"start":{"line":89,"column":8},"end":{"line":89,"column":null}},"56":{"start":{"line":91,"column":8},"end":{"line":91,"column":null}},"57":{"start":{"line":93,"column":8},"end":{"line":93,"column":null}},"58":{"start":{"line":94,"column":8},"end":{"line":94,"column":null}},"59":{"start":{"line":63,"column":13},"end":{"line":63,"column":39}},"60":{"start":{"line":98,"column":33},"end":{"line":112,"column":1}},"61":{"start":{"line":99,"column":17},"end":{"line":99,"column":27}},"62":{"start":{"line":100,"column":21},"end":{"line":100,"column":59}},"63":{"start":{"line":102,"column":8},"end":{"line":104,"column":9}},"64":{"start":{"line":103,"column":12},"end":{"line":103,"column":null}},"65":{"start":{"line":105,"column":24},"end":{"line":105,"column":82}},"66":{"start":{"line":106,"column":4},"end":{"line":108,"column":5}},"67":{"start":{"line":107,"column":8},"end":{"line":107,"column":null}},"68":{"start":{"line":110,"column":4},"end":{"line":110,"column":null}},"69":{"start":{"line":111,"column":4},"end":{"line":111,"column":null}},"70":{"start":{"line":98,"column":13},"end":{"line":98,"column":33}}},"fnMap":{"0":{"name":"(anonymous_0)","decl":{"start":{"line":4,"column":33},"end":{"line":4,"column":38}},"loc":{"start":{"line":4,"column":71},"end":{"line":12,"column":1}}},"1":{"name":"(anonymous_1)","decl":{"start":{"line":14,"column":31},"end":{"line":14,"column":36}},"loc":{"start":{"line":14,"column":69},"end":{"line":22,"column":1}}},"2":{"name":"(anonymous_2)","decl":{"start":{"line":24,"column":34},"end":{"line":24,"column":39}},"loc":{"start":{"line":24,"column":72},"end":{"line":43,"column":1}}},"3":{"name":"(anonymous_3)","decl":{"start":{"line":45,"column":33},"end":{"line":45,"column":38}},"loc":{"start":{"line":45,"column":71},"end":{"line":61,"column":1}}},"4":{"name":"(anonymous_4)","decl":{"start":{"line":63,"column":39},"end":{"line":63,"column":44}},"loc":{"start":{"line":63,"column":77},"end":{"line":96,"column":1}}},"5":{"name":"(anonymous_5)","decl":{"start":{"line":98,"column":33},"end":{"line":98,"column":38}},"loc":{"start":{"line":98,"column":71},"end":{"line":112,"column":1}}}},"branchMap":{"0":{"loc":{"start":{"line":27,"column":32},"end":{"line":27,"column":62}},"type":"cond-expr","locations":[{"start":{"line":27,"column":52},"end":{"line":27,"column":57}},{"start":{"line":27,"column":60},"end":{"line":27,"column":62}}]},"1":{"loc":{"start":{"line":29,"column":8},"end":{"line":31,"column":9}},"type":"if","locations":[{"start":{"line":29,"column":8},"end":{"line":31,"column":9}},{"start":{},"end":{}}]},"2":{"loc":{"start":{"line":34,"column":8},"end":{"line":36,"column":9}},"type":"if","locations":[{"start":{"line":34,"column":8},"end":{"line":36,"column":9}},{"start":{},"end":{}}]},"3":{"loc":{"start":{"line":47,"column":28},"end":{"line":47,"column":58}},"type":"cond-expr","locations":[{"start":{"line":47,"column":48},"end":{"line":47,"column":53}},{"start":{"line":47,"column":56},"end":{"line":47,"column":58}}]},"4":{"loc":{"start":{"line":49,"column":8},"end":{"line":51,"column":9}},"type":"if","locations":[{"start":{"line":49,"column":8},"end":{"line":51,"column":9}},{"start":{},"end":{}}]},"5":{"loc":{"start":{"line":52,"column":51},"end":{"line":52,"column":81}},"type":"cond-expr","locations":[{"start":{"line":52,"column":71},"end":{"line":52,"column":76}},{"start":{"line":52,"column":79},"end":{"line":52,"column":81}}]},"6":{"loc":{"start":{"line":53,"column":4},"end":{"line":55,"column":5}},"type":"if","locations":[{"start":{"line":53,"column":4},"end":{"line":55,"column":5}},{"start":{},"end":{}}]},"7":{"loc":{"start":{"line":69,"column":8},"end":{"line":71,"column":9}},"type":"if","locations":[{"start":{"line":69,"column":8},"end":{"line":71,"column":9}},{"start":{},"end":{}}]},"8":{"loc":{"start":{"line":74,"column":8},"end":{"line":76,"column":9}},"type":"if","locations":[{"start":{"line":74,"column":8},"end":{"line":76,"column":9}},{"start":{},"end":{}}]},"9":{"loc":{"start":{"line":80,"column":12},"end":{"line":82,"column":63}},"type":"binary-expr","locations":[{"start":{"line":80,"column":13},"end":{"line":80,"column":36}},{"start":{"line":80,"column":41},"end":{"line":80,"column":64}},{"start":{"line":80,"column":68},"end":{"line":80,"column":90}},{"start":{"line":81,"column":13},"end":{"line":81,"column":37}},{"start":{"line":81,"column":42},"end":{"line":81,"column":64}},{"start":{"line":81,"column":68},"end":{"line":81,"column":90}},{"start":{"line":82,"column":13},"end":{"line":82,"column":36}},{"start":{"line":82,"column":40},"end":{"line":82,"column":62}}]},"10":{"loc":{"start":{"line":84,"column":8},"end":{"line":86,"column":9}},"type":"if","locations":[{"start":{"line":84,"column":8},"end":{"line":86,"column":9}},{"start":{},"end":{}}]},"11":{"loc":{"start":{"line":100,"column":28},"end":{"line":100,"column":58}},"type":"cond-expr","locations":[{"start":{"line":100,"column":48},"end":{"line":100,"column":53}},{"start":{"line":100,"column":56},"end":{"line":100,"column":58}}]},"12":{"loc":{"start":{"line":102,"column":8},"end":{"line":104,"column":9}},"type":"if","locations":[{"start":{"line":102,"column":8},"end":{"line":104,"column":9}},{"start":{},"end":{}}]},"13":{"loc":{"start":{"line":105,"column":51},"end":{"line":105,"column":81}},"type":"cond-expr","locations":[{"start":{"line":105,"column":71},"end":{"line":105,"column":76}},{"start":{"line":105,"column":79},"end":{"line":105,"column":81}}]},"14":{"loc":{"start":{"line":106,"column":4},"end":{"line":108,"column":5}},"type":"if","locations":[{"start":{"line":106,"column":4},"end":{"line":108,"column":5}},{"start":{},"end":{}}]}},"s":{"0":3,"1":3,"2":2,"3":2,"4":1,"5":1,"6":1,"7":3,"8":3,"9":3,"10":3,"11":2,"12":1,"13":1,"14":3,"15":3,"16":4,"17":4,"18":4,"19":4,"20":1,"21":3,"22":2,"23":1,"24":1,"25":1,"26":1,"27":3,"28":3,"29":5,"30":5,"31":5,"32":1,"33":4,"34":4,"35":3,"36":1,"37":1,"38":1,"39":3,"40":3,"41":9,"42":9,"43":9,"44":9,"45":9,"46":1,"47":8,"48":6,"49":2,"50":4,"51":4,"52":4,"53":2,"54":2,"55":2,"56":2,"57":2,"58":2,"59":3,"60":3,"61":3,"62":3,"63":3,"64":1,"65":2,"66":2,"67":1,"68":1,"69":1,"70":3},"f":{"0":2,"1":3,"2":4,"3":5,"4":9,"5":3},"b":{"0":[0,4],"1":[1,3],"2":[1,1],"3":[0,5],"4":[1,4],"5":[0,4],"6":[3,1],"7":[1,8],"8":[2,4],"9":[4,2,0,2,0,0,2,2],"10":[2,2],"11":[0,3],"12":[1,2],"13":[0,2],"14":[1,1]}}
,"C:\\Users\\barbo\\Desktop\\React\\SistemaTurnos_Server\\src\\middleware\\index.ts": {"path":"C:\\Users\\barbo\\Desktop\\React\\SistemaTurnos_Server\\src\\middleware\\index.ts","statementMap":{"0":{"start":{"line":2,"column":0},"end":{"line":2,"column":52}},"1":{"start":{"line":4,"column":33},"end":{"line":11,"column":1}},"2":{"start":{"line":5,"column":19},"end":{"line":5,"column":40}},"3":{"start":{"line":6,"column":6},"end":{"line":8,"column":7}},"4":{"start":{"line":7,"column":8},"end":{"line":7,"column":null}},"5":{"start":{"line":10,"column":6},"end":{"line":10,"column":null}},"6":{"start":{"line":4,"column":13},"end":{"line":4,"column":33}}},"fnMap":{"0":{"name":"(anonymous_0)","decl":{"start":{"line":4,"column":33},"end":{"line":4,"column":34}},"loc":{"start":{"line":4,"column":85},"end":{"line":11,"column":1}}}},"branchMap":{"0":{"loc":{"start":{"line":6,"column":6},"end":{"line":8,"column":7}},"type":"if","locations":[{"start":{"line":6,"column":6},"end":{"line":8,"column":7}},{"start":{},"end":{}}]}},"s":{"0":3,"1":3,"2":23,"3":23,"4":10,"5":13,"6":3},"f":{"0":23},"b":{"0":[10,13]}}
,"C:\\Users\\barbo\\Desktop\\React\\SistemaTurnos_Server\\src\\models\\Appointment.model.ts": {"path":"C:\\Users\\barbo\\Desktop\\React\\SistemaTurnos_Server\\src\\models\\Appointment.model.ts","statementMap":{"0":{"start":{"line":1,"column":0},"end":{"line":1,"column":119}},"1":{"start":{"line":3,"column":0},"end":{"line":3,"column":null}},"2":{"start":{"line":4,"column":4},"end":{"line":4,"column":null}},"3":{"start":{"line":5,"column":4},"end":{"line":5,"column":null}},"4":{"start":{"line":6,"column":4},"end":{"line":6,"column":null}},"5":{"start":{"line":19,"column":7},"end":{"line":74,"column":null}},"6":{"start":{"line":70,"column":8},"end":{"line":72,"column":9}},"7":{"start":{"line":71,"column":12},"end":{"line":71,"column":null}},"8":{"start":{"line":19,"column":13},"end":{"line":19,"column":24}},"9":{"start":{"line":25,"column":12},"end":{"line":25,"column":null}},"10":{"start":{"line":31,"column":12},"end":{"line":31,"column":null}},"11":{"start":{"line":37,"column":12},"end":{"line":37,"column":null}},"12":{"start":{"line":43,"column":12},"end":{"line":43,"column":null}},"13":{"start":{"line":49,"column":12},"end":{"line":49,"column":null}},"14":{"start":{"line":60,"column":12},"end":{"line":60,"column":null}},"15":{"start":{"line":66,"column":12},"end":{"line":66,"column":null}},"16":{"start":{"line":69,"column":11},"end":{"line":73,"column":null}},"17":{"start":{"line":19,"column":13},"end":{"line":74,"column":null}}},"fnMap":{"0":{"name":"(anonymous_2)","decl":{"start":{"line":3,"column":0},"end":{"line":3,"column":13}},"loc":{"start":{"line":3,"column":30},"end":{"line":7,"column":1}}},"1":{"name":"(anonymous_3)","decl":{"start":{"line":69,"column":11},"end":{"line":69,"column":28}},"loc":{"start":{"line":69,"column":50},"end":{"line":73,"column":5}}}},"branchMap":{"0":{"loc":{"start":{"line":3,"column":13},"end":{"line":3,"column":null}},"type":"binary-expr","locations":[{"start":{"line":3,"column":13},"end":{"line":3,"column":30}},{"start":{"line":3,"column":30},"end":{"line":3,"column":null}}]},"1":{"loc":{"start":{"line":70,"column":8},"end":{"line":72,"column":9}},"type":"if","locations":[{"start":{"line":70,"column":8},"end":{"line":72,"column":9}},{"start":{},"end":{}}]},"2":{"loc":{"start":{"line":70,"column":11},"end":{"line":70,"column":83}},"type":"binary-expr","locations":[{"start":{"line":70,"column":11},"end":{"line":70,"column":27}},{"start":{"line":70,"column":31},"end":{"line":70,"column":45}},{"start":{"line":70,"column":49},"end":{"line":70,"column":83}}]}},"s":{"0":3,"1":3,"2":3,"3":3,"4":3,"5":3,"6":2,"7":1,"8":3,"9":3,"10":3,"11":3,"12":3,"13":3,"14":3,"15":3,"16":3,"17":3},"f":{"0":3,"1":2},"b":{"0":[3,3],"1":[1,1],"2":[2,2,2]}}
}
