TN:
SF:src\router.ts
FN:32,(anonymous_0)
FN:50,(anonymous_1)
FN:53,(anonymous_2)
FN:74,(anonymous_3)
FNF:4
FNH:4
FNDA:4,(anonymous_0)
FNDA:6,(anonymous_1)
FNDA:5,(anonymous_2)
FNDA:2,(anonymous_3)
DA:1,3
DA:2,3
DA:3,3
DA:4,3
DA:5,3
DA:7,3
DA:9,3
DA:11,3
DA:17,3
DA:32,4
DA:47,3
DA:51,6
DA:52,6
DA:53,6
DA:54,6
DA:55,1
DA:57,5
DA:75,2
DA:76,1
DA:92,3
DA:106,3
DA:112,3
LF:22
LH:22
BRDA:52,0,0,6
BRDA:52,0,1,0
BRDA:54,1,0,1
BRDA:54,1,1,5
BRDA:75,2,0,1
BRDA:75,2,1,1
BRF:6
BRH:5
end_of_record
TN:
SF:src\server.ts
FN:6,conectDB
FN:21,(anonymous_2)
FNF:2
FNH:2
FNDA:3,conectDB
FNDA:1,(anonymous_2)
DA:1,3
DA:2,3
DA:3,3
DA:6,3
DA:7,3
DA:8,3
DA:9,2
DA:10,2
DA:12,1
DA:13,1
DA:17,3
DA:19,3
DA:21,3
DA:22,1
DA:25,3
DA:27,3
DA:28,1
DA:31,3
LF:18
LH:18
BRDA:27,0,0,1
BRDA:27,0,1,2
BRF:2
BRH:2
end_of_record
TN:
SF:src\config\db.ts
FNF:0
FNH:0
DA:1,2
DA:2,2
DA:3,2
DA:4,2
DA:6,2
DA:8,2
DA:20,2
LF:7
LH:7
BRF:0
BRH:0
end_of_record
TN:
SF:src\handlers\appointment.ts
FN:4,(anonymous_0)
FN:14,(anonymous_1)
FN:24,(anonymous_2)
FN:45,(anonymous_3)
FN:63,(anonymous_4)
FN:98,(anonymous_5)
FNF:6
FNH:6
FNDA:2,(anonymous_0)
FNDA:3,(anonymous_1)
FNDA:4,(anonymous_2)
FNDA:5,(anonymous_3)
FNDA:9,(anonymous_4)
FNDA:3,(anonymous_5)
DA:2,3
DA:4,3
DA:5,2
DA:6,2
DA:7,1
DA:9,1
DA:10,1
DA:14,3
DA:15,3
DA:16,3
DA:17,2
DA:19,1
DA:20,1
DA:24,3
DA:25,4
DA:26,4
DA:27,4
DA:29,4
DA:30,1
DA:33,3
DA:34,2
DA:35,1
DA:37,1
DA:40,1
DA:41,1
DA:45,3
DA:46,5
DA:47,5
DA:49,5
DA:50,1
DA:52,4
DA:53,4
DA:54,3
DA:57,1
DA:58,1
DA:60,1
DA:63,3
DA:64,9
DA:65,9
DA:66,9
DA:68,9
DA:69,9
DA:70,1
DA:73,8
DA:74,6
DA:75,2
DA:78,4
DA:80,4
DA:84,4
DA:85,2
DA:88,2
DA:89,2
DA:91,2
DA:93,2
DA:94,2
DA:98,3
DA:99,3
DA:100,3
DA:102,3
DA:103,1
DA:105,2
DA:106,2
DA:107,1
DA:110,1
DA:111,1
LF:65
LH:65
BRDA:27,0,0,0
BRDA:27,0,1,4
BRDA:29,1,0,1
BRDA:29,1,1,3
BRDA:34,2,0,1
BRDA:34,2,1,1
BRDA:47,3,0,0
BRDA:47,3,1,5
BRDA:49,4,0,1
BRDA:49,4,1,4
BRDA:52,5,0,0
BRDA:52,5,1,4
BRDA:53,6,0,3
BRDA:53,6,1,1
BRDA:69,7,0,1
BRDA:69,7,1,8
BRDA:74,8,0,2
BRDA:74,8,1,4
BRDA:80,9,0,4
BRDA:80,9,1,2
BRDA:80,9,2,0
BRDA:80,9,3,2
BRDA:80,9,4,0
BRDA:80,9,5,0
BRDA:80,9,6,2
BRDA:80,9,7,2
BRDA:84,10,0,2
BRDA:84,10,1,2
BRDA:100,11,0,0
BRDA:100,11,1,3
BRDA:102,12,0,1
BRDA:102,12,1,2
BRDA:105,13,0,0
BRDA:105,13,1,2
BRDA:106,14,0,1
BRDA:106,14,1,1
BRF:36
BRH:28
end_of_record
TN:
SF:src\middleware\index.ts
FN:4,(anonymous_0)
FNF:1
FNH:1
FNDA:23,(anonymous_0)
DA:2,3
DA:4,3
DA:5,23
DA:6,23
DA:7,10
DA:10,13
LF:6
LH:6
BRDA:6,0,0,10
BRDA:6,0,1,13
BRF:2
BRH:2
end_of_record
TN:
SF:src\models\Appointment.model.ts
FN:3,(anonymous_2)
FN:69,(anonymous_3)
FNF:2
FNH:2
FNDA:3,(anonymous_2)
FNDA:2,(anonymous_3)
DA:1,3
DA:3,3
DA:4,3
DA:5,3
DA:6,3
DA:19,3
DA:25,3
DA:31,3
DA:37,3
DA:43,3
DA:49,3
DA:60,3
DA:66,3
DA:69,3
DA:70,2
DA:71,1
LF:16
LH:16
BRDA:3,0,0,3
BRDA:3,0,1,3
BRDA:70,1,0,1
BRDA:70,1,1,1
BRDA:70,2,0,2
BRDA:70,2,1,2
BRDA:70,2,2,2
BRF:7
BRH:7
end_of_record
